This is pdfTeX, Version 3.1415926-2.5-1.40.14 (TeX Live 2013) (format=pdflatex 2013.8.18)  10 MAR 2014 19:34
entering extended mode
 restricted \write18 enabled.
 %&-line parsing enabled.
**short.tex
(./short.tex
LaTeX2e <2011/06/27>
Babel <3.9f> and hyphenation patterns for 78 languages loaded.
(/usr/local-rscn/TeX_Live_2013/texmf-dist/tex/latex/base/article.cls
Document Class: article 2007/10/19 v1.4h Standard LaTeX document class
(/usr/local-rscn/TeX_Live_2013/texmf-dist/tex/latex/base/size11.clo
File: size11.clo 2007/10/19 v1.4h Standard LaTeX file (size option)
)
\c@part=\count79
\c@section=\count80
\c@subsection=\count81
\c@subsubsection=\count82
\c@paragraph=\count83
\c@subparagraph=\count84
\c@figure=\count85
\c@table=\count86
\abovecaptionskip=\skip41
\belowcaptionskip=\skip42
\bibindent=\dimen102
)
(/usr/local-rscn/TeX_Live_2013/texmf-dist/tex/latex/booktabs/booktabs.sty
Package: booktabs 2005/04/14 v1.61803 publication quality tables
\heavyrulewidth=\dimen103
\lightrulewidth=\dimen104
\cmidrulewidth=\dimen105
\belowrulesep=\dimen106
\belowbottomsep=\dimen107
\aboverulesep=\dimen108
\abovetopsep=\dimen109
\cmidrulesep=\dimen110
\cmidrulekern=\dimen111
\defaultaddspace=\dimen112
\@cmidla=\count87
\@cmidlb=\count88
\@aboverulesep=\dimen113
\@belowrulesep=\dimen114
\@thisruleclass=\count89
\@lastruleclass=\count90
\@thisrulewidth=\dimen115
)
(/usr/local-rscn/TeX_Live_2013/texmf-dist/tex/latex/pgf/frontendlayer/tikz.sty
(/usr/local-rscn/TeX_Live_2013/texmf-dist/tex/latex/pgf/basiclayer/pgf.sty
(/usr/local-rscn/TeX_Live_2013/texmf-dist/tex/latex/pgf/utilities/pgfrcs.sty
(/usr/local-rscn/TeX_Live_2013/texmf-dist/tex/generic/pgf/utilities/pgfutil-com
mon.tex
\pgfutil@everybye=\toks14
)
(/usr/local-rscn/TeX_Live_2013/texmf-dist/tex/generic/pgf/utilities/pgfutil-lat
ex.def
\pgfutil@abb=\box26
 (/usr/local-rscn/TeX_Live_2013/texmf-dist/tex/latex/ms/everyshi.sty
Package: everyshi 2001/05/15 v3.00 EveryShipout Package (MS)
))
(/usr/local-rscn/TeX_Live_2013/texmf-dist/tex/generic/pgf/utilities/pgfrcs.code
.tex
Package: pgfrcs 2010/10/25 v2.10 (rcs-revision 1.24)
))
Package: pgf 2008/01/15 v2.10 (rcs-revision 1.12)

(/usr/local-rscn/TeX_Live_2013/texmf-dist/tex/latex/pgf/basiclayer/pgfcore.sty
(/usr/local-rscn/TeX_Live_2013/texmf-dist/tex/latex/graphics/graphicx.sty
Package: graphicx 1999/02/16 v1.0f Enhanced LaTeX Graphics (DPC,SPQR)

(/usr/local-rscn/TeX_Live_2013/texmf-dist/tex/latex/graphics/keyval.sty
Package: keyval 1999/03/16 v1.13 key=value parser (DPC)
\KV@toks@=\toks15
)
(/usr/local-rscn/TeX_Live_2013/texmf-dist/tex/latex/graphics/graphics.sty
Package: graphics 2009/02/05 v1.0o Standard LaTeX Graphics (DPC,SPQR)

(/usr/local-rscn/TeX_Live_2013/texmf-dist/tex/latex/graphics/trig.sty
Package: trig 1999/03/16 v1.09 sin cos tan (DPC)
)
(/usr/local-rscn/TeX_Live_2013/texmf-dist/tex/latex/latexconfig/graphics.cfg
File: graphics.cfg 2010/04/23 v1.9 graphics configuration of TeX Live
)
Package graphics Info: Driver file: pdftex.def on input line 91.

(/usr/local-rscn/TeX_Live_2013/texmf-dist/tex/latex/pdftex-def/pdftex.def
File: pdftex.def 2011/05/27 v0.06d Graphics/color for pdfTeX

(/usr/local-rscn/TeX_Live_2013/texmf-dist/tex/generic/oberdiek/infwarerr.sty
Package: infwarerr 2010/04/08 v1.3 Providing info/warning/error messages (HO)
)
(/usr/local-rscn/TeX_Live_2013/texmf-dist/tex/generic/oberdiek/ltxcmds.sty
Package: ltxcmds 2011/11/09 v1.22 LaTeX kernel commands for general use (HO)
)
\Gread@gobject=\count91
))
\Gin@req@height=\dimen116
\Gin@req@width=\dimen117
)
(/usr/local-rscn/TeX_Live_2013/texmf-dist/tex/latex/pgf/systemlayer/pgfsys.sty
(/usr/local-rscn/TeX_Live_2013/texmf-dist/tex/generic/pgf/systemlayer/pgfsys.co
de.tex
Package: pgfsys 2010/06/30 v2.10 (rcs-revision 1.37)

(/usr/local-rscn/TeX_Live_2013/texmf-dist/tex/generic/pgf/utilities/pgfkeys.cod
e.tex
\pgfkeys@pathtoks=\toks16
\pgfkeys@temptoks=\toks17

(/usr/local-rscn/TeX_Live_2013/texmf-dist/tex/generic/pgf/utilities/pgfkeysfilt
ered.code.tex
\pgfkeys@tmptoks=\toks18
))
\pgf@x=\dimen118
\pgf@y=\dimen119
\pgf@xa=\dimen120
\pgf@ya=\dimen121
\pgf@xb=\dimen122
\pgf@yb=\dimen123
\pgf@xc=\dimen124
\pgf@yc=\dimen125
\w@pgf@writea=\write3
\r@pgf@reada=\read1
\c@pgf@counta=\count92
\c@pgf@countb=\count93
\c@pgf@countc=\count94
\c@pgf@countd=\count95

(/usr/local-rscn/TeX_Live_2013/texmf-dist/tex/generic/pgf/systemlayer/pgf.cfg
File: pgf.cfg 2008/05/14  (rcs-revision 1.7)
)
Package pgfsys Info: Driver file for pgf: pgfsys-pdftex.def on input line 900.

(/usr/local-rscn/TeX_Live_2013/texmf-dist/tex/generic/pgf/systemlayer/pgfsys-pd
ftex.def
File: pgfsys-pdftex.def 2009/05/22  (rcs-revision 1.26)

(/usr/local-rscn/TeX_Live_2013/texmf-dist/tex/generic/pgf/systemlayer/pgfsys-co
mmon-pdf.def
File: pgfsys-common-pdf.def 2008/05/19  (rcs-revision 1.10)
)))
(/usr/local-rscn/TeX_Live_2013/texmf-dist/tex/generic/pgf/systemlayer/pgfsyssof
tpath.code.tex
File: pgfsyssoftpath.code.tex 2008/07/18  (rcs-revision 1.7)
\pgfsyssoftpath@smallbuffer@items=\count96
\pgfsyssoftpath@bigbuffer@items=\count97
)
(/usr/local-rscn/TeX_Live_2013/texmf-dist/tex/generic/pgf/systemlayer/pgfsyspro
tocol.code.tex
File: pgfsysprotocol.code.tex 2006/10/16  (rcs-revision 1.4)
))
(/usr/local-rscn/TeX_Live_2013/texmf-dist/tex/latex/xcolor/xcolor.sty
Package: xcolor 2007/01/21 v2.11 LaTeX color extensions (UK)

(/usr/local-rscn/TeX_Live_2013/texmf-dist/tex/latex/latexconfig/color.cfg
File: color.cfg 2007/01/18 v1.5 color configuration of teTeX/TeXLive
)
Package xcolor Info: Driver file: pdftex.def on input line 225.
Package xcolor Info: Model `cmy' substituted by `cmy0' on input line 1337.
Package xcolor Info: Model `hsb' substituted by `rgb' on input line 1341.
Package xcolor Info: Model `RGB' extended on input line 1353.
Package xcolor Info: Model `HTML' substituted by `rgb' on input line 1355.
Package xcolor Info: Model `Hsb' substituted by `hsb' on input line 1356.
Package xcolor Info: Model `tHsb' substituted by `hsb' on input line 1357.
Package xcolor Info: Model `HSB' substituted by `hsb' on input line 1358.
Package xcolor Info: Model `Gray' substituted by `gray' on input line 1359.
Package xcolor Info: Model `wave' substituted by `hsb' on input line 1360.
)
(/usr/local-rscn/TeX_Live_2013/texmf-dist/tex/generic/pgf/basiclayer/pgfcore.co
de.tex
Package: pgfcore 2010/04/11 v2.10 (rcs-revision 1.7)

(/usr/local-rscn/TeX_Live_2013/texmf-dist/tex/generic/pgf/math/pgfmath.code.tex

(/usr/local-rscn/TeX_Live_2013/texmf-dist/tex/generic/pgf/math/pgfmathcalc.code
.tex
(/usr/local-rscn/TeX_Live_2013/texmf-dist/tex/generic/pgf/math/pgfmathutil.code
.tex)
(/usr/local-rscn/TeX_Live_2013/texmf-dist/tex/generic/pgf/math/pgfmathparser.co
de.tex
\pgfmath@dimen=\dimen126
\pgfmath@count=\count98
\pgfmath@box=\box27
\pgfmath@toks=\toks19
\pgfmath@stack@operand=\toks20
\pgfmath@stack@operation=\toks21
)
(/usr/local-rscn/TeX_Live_2013/texmf-dist/tex/generic/pgf/math/pgfmathfunctions
.code.tex
(/usr/local-rscn/TeX_Live_2013/texmf-dist/tex/generic/pgf/math/pgfmathfunctions
.basic.code.tex)
(/usr/local-rscn/TeX_Live_2013/texmf-dist/tex/generic/pgf/math/pgfmathfunctions
.trigonometric.code.tex)
(/usr/local-rscn/TeX_Live_2013/texmf-dist/tex/generic/pgf/math/pgfmathfunctions
.random.code.tex)
(/usr/local-rscn/TeX_Live_2013/texmf-dist/tex/generic/pgf/math/pgfmathfunctions
.comparison.code.tex)
(/usr/local-rscn/TeX_Live_2013/texmf-dist/tex/generic/pgf/math/pgfmathfunctions
.base.code.tex)
(/usr/local-rscn/TeX_Live_2013/texmf-dist/tex/generic/pgf/math/pgfmathfunctions
.round.code.tex)
(/usr/local-rscn/TeX_Live_2013/texmf-dist/tex/generic/pgf/math/pgfmathfunctions
.misc.code.tex)))
(/usr/local-rscn/TeX_Live_2013/texmf-dist/tex/generic/pgf/math/pgfmathfloat.cod
e.tex
\c@pgfmathroundto@lastzeros=\count99
))
(/usr/local-rscn/TeX_Live_2013/texmf-dist/tex/generic/pgf/basiclayer/pgfcorepoi
nts.code.tex
File: pgfcorepoints.code.tex 2010/04/09  (rcs-revision 1.20)
\pgf@picminx=\dimen127
\pgf@picmaxx=\dimen128
\pgf@picminy=\dimen129
\pgf@picmaxy=\dimen130
\pgf@pathminx=\dimen131
\pgf@pathmaxx=\dimen132
\pgf@pathminy=\dimen133
\pgf@pathmaxy=\dimen134
\pgf@xx=\dimen135
\pgf@xy=\dimen136
\pgf@yx=\dimen137
\pgf@yy=\dimen138
\pgf@zx=\dimen139
\pgf@zy=\dimen140
)
(/usr/local-rscn/TeX_Live_2013/texmf-dist/tex/generic/pgf/basiclayer/pgfcorepat
hconstruct.code.tex
File: pgfcorepathconstruct.code.tex 2010/08/03  (rcs-revision 1.24)
\pgf@path@lastx=\dimen141
\pgf@path@lasty=\dimen142
)
(/usr/local-rscn/TeX_Live_2013/texmf-dist/tex/generic/pgf/basiclayer/pgfcorepat
husage.code.tex
File: pgfcorepathusage.code.tex 2008/04/22  (rcs-revision 1.12)
\pgf@shorten@end@additional=\dimen143
\pgf@shorten@start@additional=\dimen144
)
(/usr/local-rscn/TeX_Live_2013/texmf-dist/tex/generic/pgf/basiclayer/pgfcoresco
pes.code.tex
File: pgfcorescopes.code.tex 2010/09/08  (rcs-revision 1.34)
\pgfpic=\box28
\pgf@hbox=\box29
\pgf@layerbox@main=\box30
\pgf@picture@serial@count=\count100
)
(/usr/local-rscn/TeX_Live_2013/texmf-dist/tex/generic/pgf/basiclayer/pgfcoregra
phicstate.code.tex
File: pgfcoregraphicstate.code.tex 2008/04/22  (rcs-revision 1.9)
\pgflinewidth=\dimen145
)
(/usr/local-rscn/TeX_Live_2013/texmf-dist/tex/generic/pgf/basiclayer/pgfcoretra
nsformations.code.tex
File: pgfcoretransformations.code.tex 2009/06/10  (rcs-revision 1.11)
\pgf@pt@x=\dimen146
\pgf@pt@y=\dimen147
\pgf@pt@temp=\dimen148
)
(/usr/local-rscn/TeX_Live_2013/texmf-dist/tex/generic/pgf/basiclayer/pgfcorequi
ck.code.tex
File: pgfcorequick.code.tex 2008/10/09  (rcs-revision 1.3)
)
(/usr/local-rscn/TeX_Live_2013/texmf-dist/tex/generic/pgf/basiclayer/pgfcoreobj
ects.code.tex
File: pgfcoreobjects.code.tex 2006/10/11  (rcs-revision 1.2)
)
(/usr/local-rscn/TeX_Live_2013/texmf-dist/tex/generic/pgf/basiclayer/pgfcorepat
hprocessing.code.tex
File: pgfcorepathprocessing.code.tex 2008/10/09  (rcs-revision 1.8)
)
(/usr/local-rscn/TeX_Live_2013/texmf-dist/tex/generic/pgf/basiclayer/pgfcorearr
ows.code.tex
File: pgfcorearrows.code.tex 2008/04/23  (rcs-revision 1.11)
)
(/usr/local-rscn/TeX_Live_2013/texmf-dist/tex/generic/pgf/basiclayer/pgfcoresha
de.code.tex
File: pgfcoreshade.code.tex 2008/11/23  (rcs-revision 1.13)
\pgf@max=\dimen149
\pgf@sys@shading@range@num=\count101
)
(/usr/local-rscn/TeX_Live_2013/texmf-dist/tex/generic/pgf/basiclayer/pgfcoreima
ge.code.tex
File: pgfcoreimage.code.tex 2010/03/25  (rcs-revision 1.16)

(/usr/local-rscn/TeX_Live_2013/texmf-dist/tex/generic/pgf/basiclayer/pgfcoreext
ernal.code.tex
File: pgfcoreexternal.code.tex 2010/09/01  (rcs-revision 1.17)
\pgfexternal@startupbox=\box31
))
(/usr/local-rscn/TeX_Live_2013/texmf-dist/tex/generic/pgf/basiclayer/pgfcorelay
ers.code.tex
File: pgfcorelayers.code.tex 2010/08/27  (rcs-revision 1.2)
)
(/usr/local-rscn/TeX_Live_2013/texmf-dist/tex/generic/pgf/basiclayer/pgfcoretra
nsparency.code.tex
File: pgfcoretransparency.code.tex 2008/01/17  (rcs-revision 1.2)
)
(/usr/local-rscn/TeX_Live_2013/texmf-dist/tex/generic/pgf/basiclayer/pgfcorepat
terns.code.tex
File: pgfcorepatterns.code.tex 2009/07/02  (rcs-revision 1.3)
)))
(/usr/local-rscn/TeX_Live_2013/texmf-dist/tex/generic/pgf/modules/pgfmoduleshap
es.code.tex
File: pgfmoduleshapes.code.tex 2010/09/09  (rcs-revision 1.13)
\pgfnodeparttextbox=\box32
)
(/usr/local-rscn/TeX_Live_2013/texmf-dist/tex/generic/pgf/modules/pgfmoduleplot
.code.tex
File: pgfmoduleplot.code.tex 2010/10/22  (rcs-revision 1.8)
)
(/usr/local-rscn/TeX_Live_2013/texmf-dist/tex/latex/pgf/compatibility/pgfcomp-v
ersion-0-65.sty
Package: pgfcomp-version-0-65 2007/07/03 v2.10 (rcs-revision 1.7)
\pgf@nodesepstart=\dimen150
\pgf@nodesepend=\dimen151
)
(/usr/local-rscn/TeX_Live_2013/texmf-dist/tex/latex/pgf/compatibility/pgfcomp-v
ersion-1-18.sty
Package: pgfcomp-version-1-18 2007/07/23 v2.10 (rcs-revision 1.1)
))
(/usr/local-rscn/TeX_Live_2013/texmf-dist/tex/latex/pgf/utilities/pgffor.sty
(/usr/local-rscn/TeX_Live_2013/texmf-dist/tex/latex/pgf/utilities/pgfkeys.sty
(/usr/local-rscn/TeX_Live_2013/texmf-dist/tex/generic/pgf/utilities/pgfkeys.cod
e.tex))
(/usr/local-rscn/TeX_Live_2013/texmf-dist/tex/generic/pgf/utilities/pgffor.code
.tex
Package: pgffor 2010/03/23 v2.10 (rcs-revision 1.18)
\pgffor@iter=\dimen152
\pgffor@skip=\dimen153
\pgffor@stack=\toks22
\pgffor@toks=\toks23
))
(/usr/local-rscn/TeX_Live_2013/texmf-dist/tex/generic/pgf/frontendlayer/tikz/ti
kz.code.tex
Package: tikz 2010/10/13 v2.10 (rcs-revision 1.76)

(/usr/local-rscn/TeX_Live_2013/texmf-dist/tex/generic/pgf/libraries/pgflibraryp
lothandlers.code.tex
File: pgflibraryplothandlers.code.tex 2010/05/31 v2.10 (rcs-revision 1.15)
\pgf@plot@mark@count=\count102
\pgfplotmarksize=\dimen154
)
\tikz@lastx=\dimen155
\tikz@lasty=\dimen156
\tikz@lastxsaved=\dimen157
\tikz@lastysaved=\dimen158
\tikzleveldistance=\dimen159
\tikzsiblingdistance=\dimen160
\tikz@figbox=\box33
\tikz@tempbox=\box34
\tikztreelevel=\count103
\tikznumberofchildren=\count104
\tikznumberofcurrentchild=\count105
\tikz@fig@count=\count106

(/usr/local-rscn/TeX_Live_2013/texmf-dist/tex/generic/pgf/modules/pgfmodulematr
ix.code.tex
File: pgfmodulematrix.code.tex 2010/08/24  (rcs-revision 1.4)
\pgfmatrixcurrentrow=\count107
\pgfmatrixcurrentcolumn=\count108
\pgf@matrix@numberofcolumns=\count109
)
\tikz@expandcount=\count110

(/usr/local-rscn/TeX_Live_2013/texmf-dist/tex/generic/pgf/frontendlayer/tikz/li
braries/tikzlibrarytopaths.code.tex
File: tikzlibrarytopaths.code.tex 2008/06/17 v2.10 (rcs-revision 1.2)
)))
(/usr/local-rscn/TeX_Live_2013/texmf-dist/tex/generic/pgf/frontendlayer/tikz/li
braries/tikzlibraryarrows.code.tex
File: tikzlibraryarrows.code.tex 2008/01/09 v2.10 (rcs-revision 1.1)

(/usr/local-rscn/TeX_Live_2013/texmf-dist/tex/generic/pgf/libraries/pgflibrarya
rrows.code.tex
File: pgflibraryarrows.code.tex 2008/10/27 v2.10 (rcs-revision 1.9)
\arrowsize=\dimen161
))
(/usr/local-rscn/TeX_Live_2013/texmf-dist/tex/generic/pgf/frontendlayer/tikz/li
braries/tikzlibrarypositioning.code.tex
File: tikzlibrarypositioning.code.tex 2008/10/06 v2.10 (rcs-revision 1.7)
) (./acl2014.sty
Conference Style for ACL 2014 -- released October 2, 2013
\titlebox=\skip43
) (/usr/local-rscn/TeX_Live_2013/texmf-dist/tex/latex/psnfss/times.sty
Package: times 2005/04/12 PSNFSS-v9.2a (SPQR) 
)
(/usr/local-rscn/TeX_Live_2013/texmf-dist/tex/latex/url/url.sty
\Urlmuskip=\muskip10
Package: url 2006/04/12  ver 3.3  Verb mode for urls, etc.
)
(/usr/local-rscn/TeX_Live_2013/texmf-dist/tex/latex/tools/hhline.sty
Package: hhline 1994/05/23 v2.03 Table rule package (DPC)
)
(/usr/local-rscn/TeX_Live_2013/texmf-dist/tex/latex/base/latexsym.sty
Package: latexsym 1998/08/17 v2.2e Standard LaTeX package (lasy symbols)
\symlasy=\mathgroup4
LaTeX Font Info:    Overwriting symbol font `lasy' in version `bold'
(Font)                  U/lasy/m/n --> U/lasy/b/n on input line 47.
)
(/usr/local-rscn/TeX_Live_2013/texmf-dist/tex/latex/tools/tabularx.sty
Package: tabularx 1999/01/07 v2.07 `tabularx' package (DPC)

(/usr/local-rscn/TeX_Live_2013/texmf-dist/tex/latex/tools/array.sty
Package: array 2008/09/09 v2.4c Tabular extension package (FMi)
\col@sep=\dimen162
\extrarowheight=\dimen163
\NC@list=\toks24
\extratabsurround=\skip44
\backup@length=\skip45
)
\TX@col@width=\dimen164
\TX@old@table=\dimen165
\TX@old@col=\dimen166
\TX@target=\dimen167
\TX@delta=\dimen168
\TX@cols=\count111
\TX@ftn=\toks25
)
(/usr/local-rscn/TeX_Live_2013/texmf-dist/tex/latex/amsmath/amsmath.sty
Package: amsmath 2013/01/14 v2.14 AMS math features
\@mathmargin=\skip46

For additional information on amsmath, use the `?' option.
(/usr/local-rscn/TeX_Live_2013/texmf-dist/tex/latex/amsmath/amstext.sty
Package: amstext 2000/06/29 v2.01

(/usr/local-rscn/TeX_Live_2013/texmf-dist/tex/latex/amsmath/amsgen.sty
File: amsgen.sty 1999/11/30 v2.0
\@emptytoks=\toks26
\ex@=\dimen169
))
(/usr/local-rscn/TeX_Live_2013/texmf-dist/tex/latex/amsmath/amsbsy.sty
Package: amsbsy 1999/11/29 v1.2d
\pmbraise@=\dimen170
)
(/usr/local-rscn/TeX_Live_2013/texmf-dist/tex/latex/amsmath/amsopn.sty
Package: amsopn 1999/12/14 v2.01 operator names
)
\inf@bad=\count112
LaTeX Info: Redefining \frac on input line 210.
\uproot@=\count113
\leftroot@=\count114
LaTeX Info: Redefining \overline on input line 306.
\classnum@=\count115
\DOTSCASE@=\count116
LaTeX Info: Redefining \ldots on input line 378.
LaTeX Info: Redefining \dots on input line 381.
LaTeX Info: Redefining \cdots on input line 466.
\Mathstrutbox@=\box35
\strutbox@=\box36
\big@size=\dimen171
LaTeX Font Info:    Redeclaring font encoding OML on input line 566.
LaTeX Font Info:    Redeclaring font encoding OMS on input line 567.
\macc@depth=\count117
\c@MaxMatrixCols=\count118
\dotsspace@=\muskip11
\c@parentequation=\count119
\dspbrk@lvl=\count120
\tag@help=\toks27
\row@=\count121
\column@=\count122
\maxfields@=\count123
\andhelp@=\toks28
\eqnshift@=\dimen172
\alignsep@=\dimen173
\tagshift@=\dimen174
\tagwidth@=\dimen175
\totwidth@=\dimen176
\lineht@=\dimen177
\@envbody=\toks29
\multlinegap=\skip47
\multlinetaggap=\skip48
\mathdisplay@stack=\toks30
LaTeX Info: Redefining \[ on input line 2665.
LaTeX Info: Redefining \] on input line 2666.
)
(/usr/local-rscn/TeX_Live_2013/texmf-dist/tex/latex/caption/caption.sty
Package: caption 2013/05/02 v3.3-89 Customizing captions (AR)

(/usr/local-rscn/TeX_Live_2013/texmf-dist/tex/latex/caption/caption3.sty
Package: caption3 2013/05/02 v1.6-88 caption3 kernel (AR)
Package caption3 Info: TeX engine: e-TeX on input line 57.
\captionmargin=\dimen178
\captionmargin@=\dimen179
\captionwidth=\dimen180
\caption@tempdima=\dimen181
\caption@indent=\dimen182
\caption@parindent=\dimen183
\caption@hangindent=\dimen184
)
\c@ContinuedFloat=\count124
)
(/usr/local-rscn/TeX_Live_2013/texmf-dist/tex/latex/caption/subcaption.sty
Package: subcaption 2013/02/03 v1.1-62 Sub-captions (AR)
\c@subfigure=\count125
\c@subtable=\count126
)
(/usr/local-rscn/TeX_Live_2013/texmf-dist/tex/latex/relsize/relsize.sty
Package: relsize 2013/03/29 ver 4.1
)
(/usr/local-rscn/TeX_Live_2013/texmf-dist/tex/latex/comment/comment.sty
\CommentStream=\write4

Excluding comment 'comment')
(/usr/local-rscn/TeX_Live_2013/texmf-dist/tex/latex/oberdiek/epstopdf.sty
Package: epstopdf 2010/02/09 v2.5 Conversion with epstopdf on the fly (HO)

(/usr/local-rscn/TeX_Live_2013/texmf-dist/tex/latex/oberdiek/epstopdf-base.sty
Package: epstopdf-base 2010/02/09 v2.5 Base part for package epstopdf

(/usr/local-rscn/TeX_Live_2013/texmf-dist/tex/latex/oberdiek/grfext.sty
Package: grfext 2010/08/19 v1.1 Manage graphics extensions (HO)

(/usr/local-rscn/TeX_Live_2013/texmf-dist/tex/generic/oberdiek/kvdefinekeys.sty
Package: kvdefinekeys 2011/04/07 v1.3 Define keys (HO)
)) (/usr/local-rscn/TeX_Live_2013/texmf-dist/tex/latex/oberdiek/kvoptions.sty
Package: kvoptions 2011/06/30 v3.11 Key value format for package options (HO)

(/usr/local-rscn/TeX_Live_2013/texmf-dist/tex/generic/oberdiek/kvsetkeys.sty
Package: kvsetkeys 2012/04/25 v1.16 Key value parser (HO)

(/usr/local-rscn/TeX_Live_2013/texmf-dist/tex/generic/oberdiek/etexcmds.sty
Package: etexcmds 2011/02/16 v1.5 Avoid name clashes with e-TeX commands (HO)

(/usr/local-rscn/TeX_Live_2013/texmf-dist/tex/generic/oberdiek/ifluatex.sty
Package: ifluatex 2010/03/01 v1.3 Provides the ifluatex switch (HO)
Package ifluatex Info: LuaTeX not detected.
)
Package etexcmds Info: Could not find \expanded.
(etexcmds)             That can mean that you are not using pdfTeX 1.50 or
(etexcmds)             that some package has redefined \expanded.
(etexcmds)             In the latter case, load this package earlier.
))) (/usr/local-rscn/TeX_Live_2013/texmf-dist/tex/generic/oberdiek/pdftexcmds.s
ty
Package: pdftexcmds 2011/11/29 v0.20 Utility functions of pdfTeX for LuaTeX (HO
)

(/usr/local-rscn/TeX_Live_2013/texmf-dist/tex/generic/oberdiek/ifpdf.sty
Package: ifpdf 2011/01/30 v2.3 Provides the ifpdf switch (HO)
Package ifpdf Info: pdfTeX in PDF mode is detected.
)
Package pdftexcmds Info: LuaTeX not detected.
Package pdftexcmds Info: \pdf@primitive is available.
Package pdftexcmds Info: \pdf@ifprimitive is available.
Package pdftexcmds Info: \pdfdraftmode found.
)
Package grfext Info: Graphics extension search list:
(grfext)             [.png,.pdf,.jpg,.mps,.jpeg,.jbig2,.jb2,.PNG,.PDF,.JPG,.JPE
G,.JBIG2,.JB2,.eps]
(grfext)             \AppendGraphicsExtensions on input line 452.

(/usr/local-rscn/TeX_Live_2013/texmf-dist/tex/latex/latexconfig/epstopdf-sys.cf
g
File: epstopdf-sys.cfg 2010/07/13 v1.3 Configuration of (r)epstopdf for TeX Liv
e
))) (/usr/local-rscn/TeX_Live_2013/texmf-dist/tex/latex/titlesec/titlesec.sty
Package: titlesec 2011/12/15 v2.10.0 Sectioning titles
\ttl@box=\box37
\beforetitleunit=\skip49
\aftertitleunit=\skip50
\ttl@plus=\dimen185
\ttl@minus=\dimen186
\ttl@toksa=\toks31
\titlewidth=\dimen187
\titlewidthlast=\dimen188
\titlewidthfirst=\dimen189
) (/usr/local-rscn/TeX_Live_2013/texmf-dist/tex/latex/algorithms/algorithmic.st
y
Package: algorithmic 2009/08/24 v0.1 Document Style `algorithmic'
(/usr/local-rscn/TeX_Live_2013/texmf-dist/tex/latex/base/ifthen.sty
Package: ifthen 2001/05/26 v1.1c Standard LaTeX ifthen package (DPC)
)
\c@ALC@unique=\count127
\c@ALC@line=\count128
\c@ALC@rem=\count129
\c@ALC@depth=\count130
\ALC@tlm=\skip51
\algorithmicindent=\skip52
)
(/usr/local-rscn/TeX_Live_2013/texmf-dist/tex/latex/algorithms/algorithm.sty
Package: algorithm 2009/08/24 v0.1 Document Style `algorithm' - floating enviro
nment

(/usr/local-rscn/TeX_Live_2013/texmf-dist/tex/latex/float/float.sty
Package: float 2001/11/08 v1.3d Float enhancements (AL)
\c@float@type=\count131
\float@exts=\toks32
\float@box=\box38
\@float@everytoks=\toks33
\@floatcapt=\box39
)
\@float@every@algorithm=\toks34
\c@algorithm=\count132
)
(/usr/local-rscn/TeX_Live_2013/texmf-dist/tex/latex/multirow/multirow.sty
\bigstrutjot=\dimen190
)
(/usr/local-rscn/TeX_Live_2013/texmf-dist/tex/latex/enumitem/enumitem.sty
Package: enumitem 2011/09/28 v3.5.2 Customized lists
\labelindent=\skip53
\enit@outerparindent=\dimen191
\enit@toks=\toks35
\enit@inbox=\box40
\enitdp@description=\count133
)
(./short.aux)
\openout1 = `short.aux'.

LaTeX Font Info:    Checking defaults for OML/cmm/m/it on input line 43.
LaTeX Font Info:    ... okay on input line 43.
LaTeX Font Info:    Checking defaults for T1/cmr/m/n on input line 43.
LaTeX Font Info:    ... okay on input line 43.
LaTeX Font Info:    Checking defaults for OT1/cmr/m/n on input line 43.
LaTeX Font Info:    ... okay on input line 43.
LaTeX Font Info:    Checking defaults for OMS/cmsy/m/n on input line 43.
LaTeX Font Info:    ... okay on input line 43.
LaTeX Font Info:    Checking defaults for OMX/cmex/m/n on input line 43.
LaTeX Font Info:    ... okay on input line 43.
LaTeX Font Info:    Checking defaults for U/cmr/m/n on input line 43.
LaTeX Font Info:    ... okay on input line 43.
LaTeX Font Info:    Try loading font information for OT1+ptm on input line 43.

(/usr/local-rscn/TeX_Live_2013/texmf-dist/tex/latex/psnfss/ot1ptm.fd
File: ot1ptm.fd 2001/06/04 font definitions for OT1/ptm.
)
ABD: EveryShipout initializing macros
(/usr/local-rscn/TeX_Live_2013/texmf-dist/tex/context/base/supp-pdf.mkii
[Loading MPS to PDF converter (version 2006.09.02).]
\scratchcounter=\count134
\scratchdimen=\dimen192
\scratchbox=\box41
\nofMPsegments=\count135
\nofMParguments=\count136
\everyMPshowfont=\toks36
\MPscratchCnt=\count137
\MPscratchDim=\dimen193
\MPnumerator=\count138
\makeMPintoPDFobject=\count139
\everyMPtoPDFconversion=\toks37
)
Package caption Info: Begin \AtBeginDocument code.
Package caption Info: float package is loaded.
Package caption Info: End \AtBeginDocument code.
LaTeX Font Info:    Font shape `OT1/ptm/bx/n' in size <14.4> not available
(Font)              Font shape `OT1/ptm/b/n' tried instead on input line 44.
LaTeX Font Info:    Try loading font information for U+lasy on input line 44.
 (/usr/local-rscn/TeX_Live_2013/texmf-dist/tex/latex/base/ulasy.fd
File: ulasy.fd 1998/08/17 v2.2e LaTeX symbol font definitions
)
LaTeX Font Info:    Font shape `OT1/ptm/bx/n' in size <12> not available
(Font)              Font shape `OT1/ptm/b/n' tried instead on input line 44.

Overfull \vbox (15.25847pt too high) detected at line 44
 []


Underfull \hbox (badness 1824) in paragraph at lines 47--48
[]\OT1/ptm/m/n/10.95 This pa-per con-ducts the first in-depth
 []


Underfull \hbox (badness 2293) in paragraph at lines 47--48
\OT1/ptm/m/n/10.95 study on the use of tri-an-gu-la-tion for
 []


Underfull \hbox (badness 2096) in paragraph at lines 47--48
\OT1/ptm/m/n/10.95 al-is-tic data set-tings: Mawukakan and
 []

LaTeX Font Info:    Font shape `OT1/ptm/bx/n' in size <10.95> not available
(Font)              Font shape `OT1/ptm/b/n' tried instead on input line 50.
LaTeX Font Info:    Try loading font information for OMS+ptm on input line 55.
(/usr/local-rscn/TeX_Live_2013/texmf-dist/tex/latex/psnfss/omsptm.fd
File: omsptm.fd 
)
LaTeX Font Info:    Font shape `OMS/ptm/m/n' in size <10.95> not available
(Font)              Font shape `OMS/cmsy/m/n' tried instead on input line 55.

(./Tables/datasettings.tex)
Missing character: There is no Ã in font ptmr7t!
Missing character: There is no ± in font ptmr7t!
Missing character: There is no Ã in font ptmr7t!
Missing character: There is no ± in font ptmr7t!

Underfull \hbox (badness 1708) in paragraph at lines 73--74
\OT1/ptm/m/n/10.95 All the pa-pers that use tri-an-gu-la-tion cite ei-
 []

[1{/usr/local-rscn/TeX_Live_2013/texmf-var/fonts/map/pdftex/updmap/pdftex.map}



] [2]
Underfull \hbox (badness 1354) in paragraph at lines 188--189
\OT1/ptm/m/n/10.95 ex-tracted from the align-ments. As we have
 []

LaTeX Font Info:    Calculating math sizes for size <13.13995> on input line 20
9.

LaTeX Font Warning: Font shape `OT1/cmr/m/n' in size <13.13995> not available
(Font)              size <12> substituted on input line 209.


LaTeX Font Warning: Font shape `OT1/cmr/m/n' in size <6.56998> not available
(Font)              size <7> substituted on input line 209.


LaTeX Font Warning: Font shape `OML/cmm/m/it' in size <13.13995> not available
(Font)              size <12> substituted on input line 209.


LaTeX Font Warning: Font shape `OML/cmm/m/it' in size <6.56998> not available
(Font)              size <7> substituted on input line 209.


LaTeX Font Warning: Font shape `OMS/cmsy/m/n' in size <13.13995> not available
(Font)              size <12> substituted on input line 209.


LaTeX Font Warning: Font shape `OMS/cmsy/m/n' in size <6.56998> not available
(Font)              size <7> substituted on input line 209.


LaTeX Font Warning: Font shape `OMX/cmex/m/n' in size <13.13995> not available
(Font)              size <12> substituted on input line 209.


LaTeX Font Warning: Font shape `U/lasy/m/n' in size <13.13995> not available
(Font)              size <12> substituted on input line 209.


LaTeX Font Warning: Font shape `U/lasy/m/n' in size <6.56998> not available
(Font)              size <7> substituted on input line 209.


Underfull \hbox (badness 1107) in paragraph at lines 212--213
\OT1/ptm/m/n/10.95 phrases trans-lat-ing into good and some noisy
 []

[3]
LaTeX Font Info:    Font shape `OT1/ptm/bx/n' in size <9> not available
(Font)              Font shape `OT1/ptm/b/n' tried instead on input line 266.

Underfull \hbox (badness 1137) in paragraph at lines 346--347
\OT1/ptm/m/n/10.95 Refer to Ta-ble 3[] for de-tails about the dis-tri-
 []


Underfull \hbox (badness 1062) in paragraph at lines 346--347
\OT1/ptm/m/n/10.95 bu-tion of data for the four lan-guages. Data
 []

[4] (./Tables/devsets.tex)
Underfull \hbox (badness 1546) in paragraph at lines 386--387
[]\OT1/ptm/m/n/10.95 Despite us-ing a dis-joint and out-of-domain
 []


Underfull \hbox (badness 1117) in paragraph at lines 388--389
[]\OT1/ptm/m/n/10.95 For both Mawukakan and Maninkakan, the
 []

(./Tables/all-results.tex)
Underfull \hbox (badness 1917) in paragraph at lines 451--452
\OT1/ptm/m/n/10.95 et al., 2011) com-par-ing our best per-form-ing
 []

[5] (./Tables/Significance.tex)
Underfull \hbox (badness 2213) in paragraph at lines 453--461
\OT1/ptm/m/n/10.95 Kreyol and Mala-gasy is not sig-nif-i-cant with
 []

(./short.bbl
Underfull \vbox (badness 1028) has occurred while \output is active []

LaTeX Font Info:    Font shape `OT1/ptm/bx/n' in size <10> not available
(Font)              Font shape `OT1/ptm/b/n' tried instead on input line 1.

Underfull \hbox (badness 1400) in paragraph at lines 11--17
[]\OT1/ptm/m/n/10 Peter F. Brown, Vin-cent J. Della Pietra, Stephen
 []

Missing character: There is no Ã in font ptmr7t!
Missing character: There is no   in font ptmr7t!
Missing character: There is no Ã in font ptmr7t!
Missing character: There is no © in font ptmr7t!
Missing character: There is no Ã in font ptmr7t!
Missing character: There is no ± in font ptmr7t!
[6]
Underfull \hbox (badness 2762) in paragraph at lines 67--73
\OT1/ptm/m/n/10 Brooke Cowan, Wade Shen, Chris-tine Moran,
 []

) [7

] (./short.aux)

LaTeX Font Warning: Size substitutions with differences
(Font)              up to 1.13995pt have occurred.


LaTeX Warning: Label(s) may have changed. Rerun to get cross-references right.

 ) 
Here is how much of TeX's memory you used:
 13064 strings out of 493315
 242840 string characters out of 6135240
 303700 words of memory out of 5000000
 16190 multiletter control sequences out of 15000+600000
 30360 words of font info for 69 fonts, out of 8000000 for 9000
 957 hyphenation exceptions out of 8191
 56i,11n,55p,1970b,559s stack positions out of 5000i,500n,10000p,200000b,80000s
{/usr/local-rscn/TeX_Live_2013/texmf-dist/fonts/enc/dvips/base/8r.enc}</usr/l
ocal-rscn/TeX_Live_2013/texmf-dist/fonts/type1/public/amsfonts/cm/cmex10.pfb></
usr/local-rscn/TeX_Live_2013/texmf-dist/fonts/type1/public/amsfonts/cm/cmmi10.p
fb></usr/local-rscn/TeX_Live_2013/texmf-dist/fonts/type1/public/amsfonts/cm/cmm
i12.pfb></usr/local-rscn/TeX_Live_2013/texmf-dist/fonts/type1/public/amsfonts/c
m/cmmi5.pfb></usr/local-rscn/TeX_Live_2013/texmf-dist/fonts/type1/public/amsfon
ts/cm/cmmi6.pfb></usr/local-rscn/TeX_Live_2013/texmf-dist/fonts/type1/public/am
sfonts/cm/cmmi8.pfb></usr/local-rscn/TeX_Live_2013/texmf-dist/fonts/type1/publi
c/amsfonts/cm/cmmi9.pfb></usr/local-rscn/TeX_Live_2013/texmf-dist/fonts/type1/p
ublic/amsfonts/cm/cmr10.pfb></usr/local-rscn/TeX_Live_2013/texmf-dist/fonts/typ
e1/public/amsfonts/cm/cmr12.pfb></usr/local-rscn/TeX_Live_2013/texmf-dist/fonts
/type1/public/amsfonts/cm/cmr6.pfb></usr/local-rscn/TeX_Live_2013/texmf-dist/fo
nts/type1/public/amsfonts/cm/cmr8.pfb></usr/local-rscn/TeX_Live_2013/texmf-dist
/fonts/type1/public/amsfonts/cm/cmr9.pfb></usr/local-rscn/TeX_Live_2013/texmf-d
ist/fonts/type1/public/amsfonts/cm/cmsy10.pfb></usr/local-rscn/TeX_Live_2013/te
xmf-dist/fonts/type1/public/amsfonts/cm/cmsy6.pfb></usr/local-rscn/TeX_Live_201
3/texmf-dist/fonts/type1/public/amsfonts/cm/cmsy9.pfb></usr/local-rscn/TeX_Live
_2013/texmf-dist/fonts/type1/urw/times/utmb8a.pfb></usr/local-rscn/TeX_Live_201
3/texmf-dist/fonts/type1/urw/times/utmr8a.pfb></usr/local-rscn/TeX_Live_2013/te
xmf-dist/fonts/type1/urw/times/utmri8a.pfb>
Output written on short.pdf (7 pages, 195682 bytes).
PDF statistics:
 104 PDF objects out of 1000 (max. 8388607)
 76 compressed objects within 1 object stream
 0 named destinations out of 1000 (max. 500000)
 13 words of extra memory for PDF output out of 10000 (max. 10000000)

